[0/1] Planning build
Building for debugging...
[0/1] Write swift-version--58304C5D6DBC2206.txt
error: emit-module command failed with exit code 1 (use -v to see invocation)
[2/7] Emitting module NetworkingArchitecture
/Users/muhittincamdali/Desktop/Cursor Projects/GitHub/iOS-Networking-Architecture-Pro/Sources/Core/MainFramework.swift:2:8: error: no such module 'UIKit'
  1 | import Foundation
  2 | import UIKit
    |        `- error: no such module 'UIKit'
  3 | 
  4 | /**
[3/7] Compiling NetworkingArchitecture NetworkManager.swift
/Users/muhittincamdali/Desktop/Cursor Projects/GitHub/iOS-Networking-Architecture-Pro/Sources/Core/MainFramework.swift:2:8: error: no such module 'UIKit'
  1 | import Foundation
  2 | import UIKit
    |        `- error: no such module 'UIKit'
  3 | 
  4 | /**
[4/7] Compiling NetworkingArchitecture APIRequest.swift
/Users/muhittincamdali/Desktop/Cursor Projects/GitHub/iOS-Networking-Architecture-Pro/Sources/Core/MainFramework.swift:2:8: error: no such module 'UIKit'
  1 | import Foundation
  2 | import UIKit
    |        `- error: no such module 'UIKit'
  3 | 
  4 | /**
[5/7] Compiling NetworkingArchitecture MainFramework.swift
/Users/muhittincamdali/Desktop/Cursor Projects/GitHub/iOS-Networking-Architecture-Pro/Sources/Core/MainFramework.swift:2:8: error: no such module 'UIKit'
  1 | import Foundation
  2 | import UIKit
    |        `- error: no such module 'UIKit'
  3 | 
  4 | /**
[6/7] Compiling NetworkingArchitecture iOS-Networking-Architecture-Pro.swift
/Users/muhittincamdali/Desktop/Cursor Projects/GitHub/iOS-Networking-Architecture-Pro/Sources/Core/MainFramework.swift:2:8: error: no such module 'UIKit'
  1 | import Foundation
  2 | import UIKit
    |        `- error: no such module 'UIKit'
  3 | 
  4 | /**
[7/7] Compiling NetworkingArchitecture CacheManager.swift
/Users/muhittincamdali/Desktop/Cursor Projects/GitHub/iOS-Networking-Architecture-Pro/Sources/Core/MainFramework.swift:2:8: error: no such module 'UIKit'
  1 | import Foundation
  2 | import UIKit
    |        `- error: no such module 'UIKit'
  3 | 
  4 | /**
